======================================================================
СРАВНЕНИЕ РЕАЛИЗАЦИИ DECISION TREE С SKLEARN
Датасет: Heart Attack Prediction
======================================================================
Загрузка датасета Heart Attack Prediction из Kaggle...
Всего образцов: 303
Признаки: ['age', 'sex', 'cp', 'trestbps', 'chol', 'fbs', 'restecg', 'thalach', 'exang', 'oldpeak', 'slope', 'ca', 'thal']
Целевая переменная: target
Распределение классов: 0=138, 1=165
Добавлено пропусков в train: 253
Добавлено пропусков в test: 84

Признаки: ['age', 'sex', 'cp', 'trestbps', 'chol', 'fbs', 'restecg', 'thalach', 'exang', 'oldpeak', 'slope', 'ca', 'thal']

======================================================================
                         СТАТИСТИКА ДЕРЕВЬЕВ
======================================================================

Параметр                       Custom       Custom (pruned)  Sklearn      Sklearn (pruned)
----------------------------------------------------------------------------------------
Кол-во узлов решения:          9            6                9            5               
Кол-во листьев:                10           7                10           6               
Фактическая глубина:           5            4                5            3               

======================================================================
                         МЕТРИКИ КАЧЕСТВА
======================================================================

Метрика         Custom       Custom (pruned)  Sklearn      Sklearn (pruned)
-------------------------------------------------------------------------
Accuracy        0.7377       0.7213         0.7541       0.7869          
Precision       0.7576       0.7667         0.7647       0.7941          
Recall          0.7576       0.6970         0.7879       0.8182          
F1-score        0.7576       0.7302         0.7761       0.8060          

======================================================================
                         ТЕСТ С ПРОПУСКАМИ
======================================================================

Custom:
   Accuracy: 0.8197
   F1-score: 0.8493

Sklearn:
   Accuracy: 0.7705
   F1-score: 0.7941

======================================================================
                         СТРУКТУРА ДЕРЕВЬЕВ
======================================================================

--- Custom дерево ---
Node 0: cp <= 0.0000
Node 1: oldpeak <= 0.6000
Node 2: thal <= 2.0000
Leaf 3: class=1
Leaf 4: class=0
Node 5: trestbps <= 104.0000
Leaf 6: class=1
Node 7: slope <= 1.0000
Leaf 8: class=0
Leaf 9: class=0

--- Sklearn дерево ---
Node 0: cp <= 0.5000
Node 1: oldpeak <= 0.7000
Node 2: thal <= 2.5000
Leaf 3: class=1
Leaf 4: class=0
Node 5: trestbps <= 106.0000
Leaf 6: class=1
Node 7: slope <= 1.5000
Leaf 8: class=0
Leaf 9: class=0

======================================================================
                         ИТОГОВОЕ СРАВНЕНИЕ
======================================================================

┌─────────────────────────────────────────────────────────────────┐
│ Параметр               │   Custom   │  Sklearn   │   Разница    │
├─────────────────────────────────────────────────────────────────┤
│ Узлов решения          │          9 │          9 │          +0  │
│ Листьев                │         10 │         10 │          +0  │
│ Глубина                │          5 │          5 │          +0  │
│ Accuracy (test)        │     0.7377 │     0.7541 │     -0.0164  │
│ F1-score (test)        │     0.7576 │     0.7761 │     -0.0185  │
└─────────────────────────────────────────────────────────────────┘
