2026-05-23 12:37:06,274 - INFO - Загрузка MovieLens 100K...
2026-05-23 12:37:06,396 - INFO - Датасет: 943 пользователей, 1682 фильмов, train=80000, test=20000
2026-05-23 12:37:06,396 - INFO - SLIM (EASE): обучение...
2026-05-23 12:37:06,855 - INFO - 
SLIM (EASE)
RMSE: 3.2924
NDCG@10: 0.3351
Время обучения: 0.41s

2026-05-23 12:37:06,855 - INFO - SLIMRef (ElasticNet): обучение...
2026-05-23 12:37:32,004 - INFO - 
SLIMRef (ElasticNet)
RMSE: 2.6648
NDCG@10: 0.3911
Время обучения: 24.97s

2026-05-23 12:37:32,004 - INFO - SVD (Funk): обучение...
2026-05-23 12:37:39,895 - INFO - 
SVD (Funk SGD)
RMSE: 0.9335
NDCG@10: 0.0770
Время обучения: 7.85s

2026-05-23 12:37:39,895 - INFO - SVDRef (TruncatedSVD): обучение...
2026-05-23 12:37:40,391 - INFO - 
SVDRef (TruncatedSVD)
RMSE: 2.6404
NDCG@10: 0.3751
Время обучения: 0.36s

2026-05-23 12:37:40,629 - INFO - Done.
