2026-03-06 11:51:57,724 - INFO - Samples: 368
2026-03-06 11:51:57,724 - INFO - Features: 26 (7 числовых + 19 категориальных)
2026-03-06 11:51:57,724 - INFO - Классы: survived=0 (232), died/euthanized=1 (136)
2026-03-06 11:51:57,724 - INFO - Пропуски: 1927 (20.1 %)
2026-03-06 11:51:57,725 - INFO - Train: 235 samples
2026-03-06 11:51:57,725 - INFO - Val: 59 samples
2026-03-06 11:51:57,725 - INFO - Test: 74 samples
2026-03-06 11:51:57,725 - INFO - Обучаем кастомное дерево ID3 (Gini, взвешивание пропусков)...
2026-03-06 11:51:57,764 - INFO - Глубина: 4,  Узлов: 103
2026-03-06 11:51:57,766 - INFO - 
ID3 – Train (до редукции)
Accuracy: 1.0000, Precision: 1.0000, Recall: 1.0000, F1: 1.0000
2026-03-06 11:51:57,767 - INFO - 
ID3 – Test (до редукции)
Accuracy: 0.8919, Precision: 0.8914, Recall: 0.8919, F1: 0.8909
2026-03-06 11:51:57,767 - INFO - Применяем Reduced Error Pruning (валидационная выборка)...
2026-03-06 11:51:57,768 - INFO - Глубина после редукции: 2,  Узлов: 63
2026-03-06 11:51:57,769 - INFO - 
ID3 – Train (после редукции)
Accuracy: 0.9404, Precision: 0.9426, Recall: 0.9404, F1: 0.9396
2026-03-06 11:51:57,770 - INFO - 
ID3 – Test (после редукции)
Accuracy: 0.8919, Precision: 0.8936, Recall: 0.8919, F1: 0.8898
2026-03-06 11:51:57,770 - INFO - Обучаем sklearn DecisionTreeClassifier (заполнение пропусков средним)...
2026-03-06 11:51:57,772 - INFO - 
sklearn DecisionTree – Test
Accuracy: 0.8243, Precision: 0.8237, Recall: 0.8243, F1: 0.8198
2026-03-06 11:51:58,092 - INFO - Матрицы ошибок сохранены.
