Подбор гиперпараметров по OOB...
Лучшие параметры: {'max_depth': None, 'max_features': 'sqrt', 'min_samples_split': 5, 'n_estimators': 150}
Лучший OOB score: 0.8515
Custom:
  Время обучения: 0.3170 сек
  OOB score: 0.8515
  Accuracy: 0.9868
  Feature importances (OOB^j):
    age: 0.0132
    sex: 0.0000
    cp: 0.0693
    trestbps: 0.0198
    chol: -0.0033
    fbs: 0.0066
    restecg: 0.0066
    thalach: 0.0000
    exang: 0.0231
    oldpeak: 0.0297
    slope: 0.0165
    ca: 0.0726
    thal: 0.0132
sklearn реализация:
  Время обучения: 0.2791 сек
  OOB score: 0.8251
  Accuracy: 0.9835
  Feature importances (impurity):
    age: 0.0808
    sex: 0.0300
    cp: 0.1523
    trestbps: 0.0661
    chol: 0.0681
    fbs: 0.0073
    restecg: 0.0158
    thalach: 0.1234
    exang: 0.0626
    oldpeak: 0.1109
    slope: 0.0583
    ca: 0.1073
    thal: 0.1172
sklearn permutation_importance:
    age: 0.0307
    sex: 0.0172
    cp: 0.0805
    trestbps: 0.0277
    chol: 0.0307
    fbs: 0.0046
    restecg: 0.0050
    thalach: 0.0307
    exang: 0.0139
    oldpeak: 0.0393
    slope: 0.0228
    ca: 0.0587
    thal: 0.0531

Сравнение:
Метрика                        custom               sklearn             
------------------------------------------------------------------------
Accuracy                       0.9868               0.9835              
OOB score                      0.8515               0.8251              
Время обучения (сек)           0.3170               0.2791              

Сравнение feature importances:
Признак         OOB^j (custom)       sklearn permutation 
---------------------------------------------------------
age             0.0132               0.0307              
sex             0.0000               0.0172              
cp              0.0693               0.0805              
trestbps        0.0198               0.0277              
chol            -0.0033              0.0307              
fbs             0.0066               0.0046              
restecg         0.0066               0.0050              
thalach         0.0000               0.0307              
exang           0.0231               0.0139              
oldpeak         0.0297               0.0393              
slope           0.0165               0.0228              
ca              0.0726               0.0587              
thal            0.0132               0.0531              
